<?xml version="1.0" encoding="UTF-8"?>
<!-- Generated by org.testng.reporters.JUnitReportReporter -->
<testsuite hostname="Ravind-Nayar" name="GET_FetchAlias" tests="1" failures="0" timestamp="8 Jun 2020 15:28:48 GMT" time="4.377" errors="0">
  <testcase name="getFetchAlias" time="4.377" classname="GET_FetchAlias"/>
</testsuite> <!-- GET_FetchAlias -->
