<?xml version="1.0" encoding="UTF-8"?>
<!-- Generated by org.testng.reporters.JUnitReportReporter -->
<testsuite hostname="Ravind-Nayar" name="Demo1_GET_Request" tests="1" failures="0" timestamp="8 Jun 2020 11:06:43 GMT" time="5.636" errors="0">
  <testcase name="getWeather" time="5.636" classname="Demo1_GET_Request"/>
</testsuite> <!-- Demo1_GET_Request -->
