<?xml version="1.0" encoding="UTF-8"?>
<!-- Generated by org.testng.reporters.JUnitReportReporter -->
<testsuite hostname="Ravind-Nayar" name="Demo2_POST_Request" tests="1" failures="0" timestamp="15 Jun 2020 05:27:07 GMT" time="20.612" errors="0">
  <testcase name="postRegister" time="20.612" classname="Demo2_POST_Request"/>
</testsuite> <!-- Demo2_POST_Request -->
