<?xml version="1.0" encoding="UTF-8"?>
<!-- Generated by org.testng.reporters.JUnitReportReporter -->
<testsuite hostname="Ravind-Nayar" name="PostLogout" tests="1" failures="0" timestamp="8 Jun 2020 14:52:50 GMT" time="3.128" errors="0">
  <testcase name="logoutPOST" time="3.128" classname="PostLogout"/>
</testsuite> <!-- PostLogout -->
