<?xml version="1.0" encoding="UTF-8"?>
<!-- Generated by org.testng.reporters.JUnitReportReporter -->
<testsuite hostname="Ravind-Nayar" name="POSTDemo" tests="1" failures="0" timestamp="8 Jun 2020 14:05:19 GMT" time="6.218" errors="0">
  <testcase name="VerifyMobileNumber" time="6.218" classname="POSTDemo"/>
</testsuite> <!-- POSTDemo -->
