<?xml version="1.0" encoding="UTF-8"?>
<!-- Generated by org.testng.reporters.JUnitReportReporter -->
<testsuite hostname="Ravind-Nayar" name="GETPartnerHistory" tests="1" failures="0" timestamp="15 Jun 2020 06:42:44 GMT" time="11.092" errors="0">
  <testcase name="partnerHistory" time="11.092" classname="GETPartnerHistory"/>
</testsuite> <!-- GETPartnerHistory -->
