<?xml version="1.0" encoding="UTF-8"?>
<!-- Generated by org.testng.reporters.JUnitReportReporter -->
<testsuite hostname="Ravind-Nayar" name="POST_AddUpdateMaster" tests="1" failures="0" timestamp="15 Jun 2020 06:38:57 GMT" time="2.898" errors="0">
  <testcase name="addUpdate" time="2.898" classname="POST_AddUpdateMaster"/>
</testsuite> <!-- POST_AddUpdateMaster -->
