<?xml version="1.0" encoding="UTF-8"?>
<!-- Generated by org.testng.reporters.JUnitReportReporter -->
<testsuite hostname="Ravind-Nayar" name="Demo3_GETRequest" tests="1" failures="0" timestamp="8 Jun 2020 15:30:40 GMT" time="3.752" errors="0">
  <testcase name="getDemo" time="3.752" classname="Demo3_GETRequest"/>
</testsuite> <!-- Demo3_GETRequest -->
